<?xml version="1.0" encoding="UTF-8"?>
<!-- Generated by org.testng.reporters.JUnitReportReporter -->
<testsuite hostname="Home" failures="0" tests="3" name="com.testcases.Search" time="34.892" errors="0" timestamp="2025-01-18T16:50:18 IST" skipped="0">
  <testcase classname="com.testcases.Search" name="verifySearchWithValidProduct" time="11.830"/>
  <testcase classname="com.testcases.Search" name="verifySearchWithInvalidProduct" time="11.597"/>
  <testcase classname="com.testcases.Search" name="verifySearchWithoutAnyProduct" time="11.465"/>
</testsuite> <!-- com.testcases.Search -->
