<?xml version="1.0" encoding="UTF-8"?>
<!-- Generated by org.testng.reporters.JUnitReportReporter -->
<testsuite hostname="Home" failures="0" tests="3" name="com.testcases.Login" time="41.441" errors="0" timestamp="2025-01-19T22:24:57 IST" skipped="0">
  <testcase classname="com.testcases.Login" name="verifyLoginWithValidCredentials" time="9.143"/>
  <testcase classname="com.testcases.Login" name="verifyLoginWithValidCredentials" time="21.330"/>
  <testcase classname="com.testcases.Login" name="verifyLoginWithValidCredentials" time="10.968"/>
</testsuite> <!-- com.testcases.Login -->
