<?xml version="1.0" encoding="UTF-8"?>
<!-- Generated by org.testng.reporters.JUnitReportReporter -->
<testsuite hostname="Home" failures="0" tests="4" name="com.testcases.Register" time="73.823" errors="0" timestamp="2025-01-18T16:50:18 IST" skipped="0">
  <testcase classname="com.testcases.Register" name="verifyRegisteringAnAccountWithMandatoryFields" time="26.371"/>
  <testcase classname="com.testcases.Register" name="verifyRegisteringAnAccountWithProvidingAllFields" time="15.957"/>
  <testcase classname="com.testcases.Register" name="verifyRegisteringAnAccountWithExistingEmailAddress" time="13.960"/>
  <testcase classname="com.testcases.Register" name="verifyRegisteringAccountWithoutFillingAnyDetails" time="17.535"/>
</testsuite> <!-- com.testcases.Register -->
